<?xml version="1.0" encoding="UTF-8"?>
<!-- Generated by org.testng.reporters.JUnitXMLReporter -->
<testsuite hostname="sandhyas-MacBook-Air.local" ignored="0" name="Test" tests="6" failures="0" timestamp="01 Jan 2019 17:39:24 GMT" time="0.036" errors="0">
  <testcase name="AppiumTest" time="0.006" classname="qaclickacademy.MavenJava.AppiumTest"/>
  <testcase name="AppiumTestTwo" time="0.0" classname="qaclickacademy.MavenJava.AppiumTest"/>
  <testcase name="BrowserTest" time="0.001" classname="qaclickacademy.MavenJava.SeleniumTest"/>
  <testcase name="elementUi" time="0.0" classname="qaclickacademy.MavenJava.SeleniumTest"/>
  <testcase name="Testing" time="0.0" classname="qaclickacademy.MavenJava.RestAPITest"/>
  <testcase name="TestingAPI" time="0.0" classname="qaclickacademy.MavenJava.RestAPITest"/>
</testsuite> <!-- Test -->
