<?xml version="1.0" encoding="UTF-8"?>
<testng-results skipped="0" failed="0" ignored="0" total="6" passed="6">
  <reporter-output>
  </reporter-output>
  <suite name="Suite" duration-ms="36" started-at="2019-01-01T17:39:19Z" finished-at="2019-01-01T17:39:19Z">
    <groups>
    </groups>
    <test name="Test" duration-ms="36" started-at="2019-01-01T17:39:19Z" finished-at="2019-01-01T17:39:19Z">
      <class name="qaclickacademy.MavenJava.SeleniumTest">
        <test-method status="PASS" signature="BrowserTest()[pri:0, instance:qaclickacademy.MavenJava.SeleniumTest@15975490]" name="BrowserTest" duration-ms="1" started-at="2019-01-01T17:39:19Z" finished-at="2019-01-01T17:39:19Z">
          <reporter-output>
          </reporter-output>
        </test-method> <!-- BrowserTest -->
        <test-method status="PASS" signature="elementUi()[pri:0, instance:qaclickacademy.MavenJava.SeleniumTest@15975490]" name="elementUi" duration-ms="0" started-at="2019-01-01T17:39:19Z" finished-at="2019-01-01T17:39:19Z">
          <reporter-output>
          </reporter-output>
        </test-method> <!-- elementUi -->
      </class> <!-- qaclickacademy.MavenJava.SeleniumTest -->
      <class name="qaclickacademy.MavenJava.AppiumTest">
        <test-method status="PASS" signature="AppiumTest()[pri:0, instance:qaclickacademy.MavenJava.AppiumTest@47f6473]" name="AppiumTest" duration-ms="6" started-at="2019-01-01T17:39:19Z" finished-at="2019-01-01T17:39:19Z">
          <reporter-output>
          </reporter-output>
        </test-method> <!-- AppiumTest -->
        <test-method status="PASS" signature="AppiumTestTwo()[pri:0, instance:qaclickacademy.MavenJava.AppiumTest@47f6473]" name="AppiumTestTwo" duration-ms="0" started-at="2019-01-01T17:39:19Z" finished-at="2019-01-01T17:39:19Z">
          <reporter-output>
          </reporter-output>
        </test-method> <!-- AppiumTestTwo -->
      </class> <!-- qaclickacademy.MavenJava.AppiumTest -->
      <class name="qaclickacademy.MavenJava.RestAPITest">
        <test-method status="PASS" signature="Testing()[pri:0, instance:qaclickacademy.MavenJava.RestAPITest@6b143ee9]" name="Testing" duration-ms="0" started-at="2019-01-01T17:39:19Z" finished-at="2019-01-01T17:39:19Z">
          <reporter-output>
          </reporter-output>
        </test-method> <!-- Testing -->
        <test-method status="PASS" signature="TestingAPI()[pri:0, instance:qaclickacademy.MavenJava.RestAPITest@6b143ee9]" name="TestingAPI" duration-ms="0" started-at="2019-01-01T17:39:19Z" finished-at="2019-01-01T17:39:19Z">
          <reporter-output>
          </reporter-output>
        </test-method> <!-- TestingAPI -->
      </class> <!-- qaclickacademy.MavenJava.RestAPITest -->
    </test> <!-- Test -->
  </suite> <!-- Suite -->
</testng-results>
